# JRE version: Java(TM) SE Runtime Environment (8.0_92-b14) (build 1.8.0_92-b14)
# Java VM: Java HotSpot(TM) 64-Bit Server VM (25.92-b14 mixed mode windows-amd64 compressed oops)
Heap:
 PSYoungGen      total 205312K, used 29464K [0x00000000eab00000, 0x00000000f8700000, 0x0000000100000000)
  eden space 187392K, 10% used [0x00000000eab00000,0x00000000ebe5a5b0,0x00000000f6200000)
  from space 17920K, 53% used [0x00000000f7580000,0x00000000f7eebc58,0x00000000f8700000)
  to   space 18432K, 0% used [0x00000000f6200000,0x00000000f6200000,0x00000000f7400000)
 ParOldGen       total 55808K, used 41018K [0x00000000c0000000, 0x00000000c3680000, 0x00000000eab00000)
  object space 55808K, 73% used [0x00000000c0000000,0x00000000c280eae8,0x00000000c3680000)
 Metaspace       used 49514K, capacity 50908K, committed 51072K, reserved 1093632K
  class space    used 6855K, capacity 7202K, committed 7296K, reserved 1048576K
GC Heap History (10 events):
Event: 29.068 GC heap before
{Heap before GC invocations=13 (full 2):
 PSYoungGen      total 155136K, used 143360K [0x00000000eab00000, 0x00000000f5880000, 0x0000000100000000)
  eden space 143360K, 100% used [0x00000000eab00000,0x00000000f3700000,0x00000000f3700000)
  from space 11776K, 0% used [0x00000000f4280000,0x00000000f4280000,0x00000000f4e00000)
  to   space 11776K, 0% used [0x00000000f3700000,0x00000000f3700000,0x00000000f4280000)
 ParOldGen       total 55808K, used 19513K [0x00000000c0000000, 0x00000000c3680000, 0x00000000eab00000)
  object space 55808K, 34% used [0x00000000c0000000,0x00000000c130e428,0x00000000c3680000)
 Metaspace       used 42294K, capacity 43224K, committed 43520K, reserved 1087488K
  class space    used 5788K, capacity 6030K, committed 6144K, reserved 1048576K
Event: 29.093 GC heap after
Heap after GC invocations=13 (full 2):
 PSYoungGen      total 155136K, used 11744K [0x00000000eab00000, 0x00000000f8180000, 0x0000000100000000)
  eden space 143360K, 0% used [0x00000000eab00000,0x00000000eab00000,0x00000000f3700000)
  from space 11776K, 99% used [0x00000000f3700000,0x00000000f42782b0,0x00000000f4280000)
  to   space 13824K, 0% used [0x00000000f7400000,0x00000000f7400000,0x00000000f8180000)
 ParOldGen       total 55808K, used 20513K [0x00000000c0000000, 0x00000000c3680000, 0x00000000eab00000)
  object space 55808K, 36% used [0x00000000c0000000,0x00000000c14087b0,0x00000000c3680000)
 Metaspace       used 42294K, capacity 43224K, committed 43520K, reserved 1087488K
  class space    used 5788K, capacity 6030K, committed 6144K, reserved 1048576K
}
Event: 35.758 GC heap before
{Heap before GC invocations=14 (full 2):
 PSYoungGen      total 155136K, used 155104K [0x00000000eab00000, 0x00000000f8180000, 0x0000000100000000)
  eden space 143360K, 100% used [0x00000000eab00000,0x00000000f3700000,0x00000000f3700000)
  from space 11776K, 99% used [0x00000000f3700000,0x00000000f42782b0,0x00000000f4280000)
  to   space 13824K, 0% used [0x00000000f7400000,0x00000000f7400000,0x00000000f8180000)
 ParOldGen       total 55808K, used 20513K [0x00000000c0000000, 0x00000000c3680000, 0x00000000eab00000)
  object space 55808K, 36% used [0x00000000c0000000,0x00000000c14087b0,0x00000000c3680000)
 Metaspace       used 47740K, capacity 48928K, committed 49024K, reserved 1091584K
  class space    used 6653K, capacity 6959K, committed 7040K, reserved 1048576K
Event: 35.836 GC heap after
Heap after GC invocations=14 (full 2):
 PSYoungGen      total 201216K, used 13810K [0x00000000eab00000, 0x00000000f8800000, 0x0000000100000000)
  eden space 187392K, 0% used [0x00000000eab00000,0x00000000eab00000,0x00000000f6200000)
  from space 13824K, 99% used [0x00000000f7400000,0x00000000f817cb08,0x00000000f8180000)
  to   space 18432K, 0% used [0x00000000f6200000,0x00000000f6200000,0x00000000f7400000)
 ParOldGen       total 55808K, used 27917K [0x00000000c0000000, 0x00000000c3680000, 0x00000000eab00000)
  object space 55808K, 50% used [0x00000000c0000000,0x00000000c1b43628,0x00000000c3680000)
 Metaspace       used 47740K, capacity 48928K, committed 49024K, reserved 1091584K
  class space    used 6653K, capacity 6959K, committed 7040K, reserved 1048576K
}
Event: 36.950 GC heap before
{Heap before GC invocations=15 (full 2):
 PSYoungGen      total 201216K, used 60492K [0x00000000eab00000, 0x00000000f8800000, 0x0000000100000000)
  eden space 187392K, 24% used [0x00000000eab00000,0x00000000ed8968b0,0x00000000f6200000)
  from space 13824K, 99% used [0x00000000f7400000,0x00000000f817cb08,0x00000000f8180000)
  to   space 18432K, 0% used [0x00000000f6200000,0x00000000f6200000,0x00000000f7400000)
 ParOldGen       total 55808K, used 27917K [0x00000000c0000000, 0x00000000c3680000, 0x00000000eab00000)
  object space 55808K, 50% used [0x00000000c0000000,0x00000000c1b43628,0x00000000c3680000)
 Metaspace       used 48904K, capacity 50184K, committed 50432K, reserved 1093632K
  class space    used 6828K, capacity 7136K, committed 7168K, reserved 1048576K
Event: 36.994 GC heap after
Heap after GC invocations=15 (full 2):
 PSYoungGen      total 205824K, used 5398K [0x00000000eab00000, 0x00000000f8700000, 0x0000000100000000)
  eden space 187392K, 0% used [0x00000000eab00000,0x00000000eab00000,0x00000000f6200000)
  from space 18432K, 29% used [0x00000000f6200000,0x00000000f6745868,0x00000000f7400000)
  to   space 17920K, 0% used [0x00000000f7580000,0x00000000f7580000,0x00000000f8700000)
 ParOldGen       total 55808K, used 39417K [0x00000000c0000000, 0x00000000c3680000, 0x00000000eab00000)
  object space 55808K, 70% used [0x00000000c0000000,0x00000000c267e6d8,0x00000000c3680000)
 Metaspace       used 48904K, capacity 50184K, committed 50432K, reserved 1093632K
  class space    used 6828K, capacity 7136K, committed 7168K, reserved 1048576K
}
Event: 36.994 GC heap before
{Heap before GC invocations=16 (full 3):
 PSYoungGen      total 205824K, used 5398K [0x00000000eab00000, 0x00000000f8700000, 0x0000000100000000)
  eden space 187392K, 0% used [0x00000000eab00000,0x00000000eab00000,0x00000000f6200000)
  from space 18432K, 29% used [0x00000000f6200000,0x00000000f6745868,0x00000000f7400000)
  to   space 17920K, 0% used [0x00000000f7580000,0x00000000f7580000,0x00000000f8700000)
 ParOldGen       total 55808K, used 39417K [0x00000000c0000000, 0x00000000c3680000, 0x00000000eab00000)
  object space 55808K, 70% used [0x00000000c0000000,0x00000000c267e6d8,0x00000000c3680000)
 Metaspace       used 48904K, capacity 50184K, committed 50432K, reserved 1093632K
  class space    used 6828K, capacity 7136K, committed 7168K, reserved 1048576K
Event: 37.858 GC heap after
Heap after GC invocations=16 (full 3):
 PSYoungGen      total 205824K, used 0K [0x00000000eab00000, 0x00000000f8700000, 0x0000000100000000)
  eden space 187392K, 0% used [0x00000000eab00000,0x00000000eab00000,0x00000000f6200000)
  from space 18432K, 0% used [0x00000000f6200000,0x00000000f6200000,0x00000000f7400000)
  to   space 17920K, 0% used [0x00000000f7580000,0x00000000f7580000,0x00000000f8700000)
 ParOldGen       total 55808K, used 41010K [0x00000000c0000000, 0x00000000c3680000, 0x00000000eab00000)
  object space 55808K, 73% used [0x00000000c0000000,0x00000000c280cae8,0x00000000c3680000)
 Metaspace       used 48904K, capacity 50184K, committed 50432K, reserved 1093632K
  class space    used 6828K, capacity 7136K, committed 7168K, reserved 1048576K
}
Event: 49.765 GC heap before
{Heap before GC invocations=17 (full 3):
 PSYoungGen      total 205824K, used 187392K [0x00000000eab00000, 0x00000000f8700000, 0x0000000100000000)
  eden space 187392K, 100% used [0x00000000eab00000,0x00000000f6200000,0x00000000f6200000)
  from space 18432K, 0% used [0x00000000f6200000,0x00000000f6200000,0x00000000f7400000)
  to   space 17920K, 0% used [0x00000000f7580000,0x00000000f7580000,0x00000000f8700000)
 ParOldGen       total 55808K, used 41010K [0x00000000c0000000, 0x00000000c3680000, 0x00000000eab00000)
  object space 55808K, 73% used [0x00000000c0000000,0x00000000c280cae8,0x00000000c3680000)
 Metaspace       used 49392K, capacity 50826K, committed 51072K, reserved 1093632K
  class space    used 6854K, capacity 7199K, committed 7296K, reserved 1048576K
Event: 49.778 GC heap after
Heap after GC invocations=17 (full 3):
 PSYoungGen      total 205312K, used 9647K [0x00000000eab00000, 0x00000000f8700000, 0x0000000100000000)
  eden space 187392K, 0% used [0x00000000eab00000,0x00000000eab00000,0x00000000f6200000)
  from space 17920K, 53% used [0x00000000f7580000,0x00000000f7eebc58,0x00000000f8700000)
  to   space 18432K, 0% used [0x00000000f6200000,0x00000000f6200000,0x00000000f7400000)
 ParOldGen       total 55808K, used 41018K [0x00000000c0000000, 0x00000000c3680000, 0x00000000eab00000)
  object space 55808K, 73% used [0x00000000c0000000,0x00000000c280eae8,0x00000000c3680000)
 Metaspace       used 49392K, capacity 50826K, committed 51072K, reserved 1093632K
  class space    used 6854K, capacity 7199K, committed 7296K, reserved 1048576K
}

