# JRE version: Java(TM) SE Runtime Environment (8.0_92-b14) (build 1.8.0_92-b14)
# Java VM: Java HotSpot(TM) 64-Bit Server VM (25.92-b14 mixed mode windows-amd64 compressed oops)
Heap:
 PSYoungGen      total 177664K, used 97766K [0x00000000eab00000, 0x00000000f7680000, 0x0000000100000000)
  eden space 155136K, 48% used [0x00000000eab00000,0x00000000ef49b3b0,0x00000000f4280000)
  from space 22528K, 99% used [0x00000000f5c00000,0x00000000f71de600,0x00000000f7200000)
  to   space 26112K, 0% used [0x00000000f4280000,0x00000000f4280000,0x00000000f5c00000)
 ParOldGen       total 62464K, used 34912K [0x00000000c0000000, 0x00000000c3d00000, 0x00000000eab00000)
  object space 62464K, 55% used [0x00000000c0000000,0x00000000c2218178,0x00000000c3d00000)
 Metaspace       used 56721K, capacity 57914K, committed 58240K, reserved 1099776K
  class space    used 7619K, capacity 7961K, committed 8064K, reserved 1048576K
GC Heap History (10 events):
Event: 16.906 GC heap before
{Heap before GC invocations=12 (full 2):
 PSYoungGen      total 117248K, used 10739K [0x00000000eab00000, 0x00000000f3280000, 0x0000000100000000)
  eden space 106496K, 0% used [0x00000000eab00000,0x00000000eab00000,0x00000000f1300000)
  from space 10752K, 99% used [0x00000000f2000000,0x00000000f2a7ce38,0x00000000f2a80000)
  to   space 13312K, 0% used [0x00000000f1300000,0x00000000f1300000,0x00000000f2000000)
 ParOldGen       total 41984K, used 15717K [0x00000000c0000000, 0x00000000c2900000, 0x00000000eab00000)
  object space 41984K, 37% used [0x00000000c0000000,0x00000000c0f59570,0x00000000c2900000)
 Metaspace       used 34707K, capacity 35290K, committed 35456K, reserved 1079296K
  class space    used 4769K, capacity 4899K, committed 4992K, reserved 1048576K
Event: 17.085 GC heap after
Heap after GC invocations=12 (full 2):
 PSYoungGen      total 117248K, used 0K [0x00000000eab00000, 0x00000000f3280000, 0x0000000100000000)
  eden space 106496K, 0% used [0x00000000eab00000,0x00000000eab00000,0x00000000f1300000)
  from space 10752K, 0% used [0x00000000f2000000,0x00000000f2000000,0x00000000f2a80000)
  to   space 13312K, 0% used [0x00000000f1300000,0x00000000f1300000,0x00000000f2000000)
 ParOldGen       total 62464K, used 20160K [0x00000000c0000000, 0x00000000c3d00000, 0x00000000eab00000)
  object space 62464K, 32% used [0x00000000c0000000,0x00000000c13b0078,0x00000000c3d00000)
 Metaspace       used 34707K, capacity 35290K, committed 35456K, reserved 1079296K
  class space    used 4769K, capacity 4899K, committed 4992K, reserved 1048576K
}
Event: 19.065 GC heap before
{Heap before GC invocations=13 (full 2):
 PSYoungGen      total 117248K, used 106496K [0x00000000eab00000, 0x00000000f3280000, 0x0000000100000000)
  eden space 106496K, 100% used [0x00000000eab00000,0x00000000f1300000,0x00000000f1300000)
  from space 10752K, 0% used [0x00000000f2000000,0x00000000f2000000,0x00000000f2a80000)
  to   space 13312K, 0% used [0x00000000f1300000,0x00000000f1300000,0x00000000f2000000)
 ParOldGen       total 62464K, used 20160K [0x00000000c0000000, 0x00000000c3d00000, 0x00000000eab00000)
  object space 62464K, 32% used [0x00000000c0000000,0x00000000c13b0078,0x00000000c3d00000)
 Metaspace       used 39726K, capacity 40384K, committed 40704K, reserved 1085440K
  class space    used 5394K, capacity 5540K, committed 5632K, reserved 1048576K
Event: 19.077 GC heap after
Heap after GC invocations=13 (full 2):
 PSYoungGen      total 119808K, used 8255K [0x00000000eab00000, 0x00000000f4700000, 0x0000000100000000)
  eden space 106496K, 0% used [0x00000000eab00000,0x00000000eab00000,0x00000000f1300000)
  from space 13312K, 62% used [0x00000000f1300000,0x00000000f1b0fcf8,0x00000000f2000000)
  to   space 13312K, 0% used [0x00000000f3a00000,0x00000000f3a00000,0x00000000f4700000)
 ParOldGen       total 62464K, used 20168K [0x00000000c0000000, 0x00000000c3d00000, 0x00000000eab00000)
  object space 62464K, 32% used [0x00000000c0000000,0x00000000c13b2078,0x00000000c3d00000)
 Metaspace       used 39726K, capacity 40384K, committed 40704K, reserved 1085440K
  class space    used 5394K, capacity 5540K, committed 5632K, reserved 1048576K
}
Event: 22.816 GC heap before
{Heap before GC invocations=14 (full 2):
 PSYoungGen      total 119808K, used 114751K [0x00000000eab00000, 0x00000000f4700000, 0x0000000100000000)
  eden space 106496K, 100% used [0x00000000eab00000,0x00000000f1300000,0x00000000f1300000)
  from space 13312K, 62% used [0x00000000f1300000,0x00000000f1b0fcf8,0x00000000f2000000)
  to   space 13312K, 0% used [0x00000000f3a00000,0x00000000f3a00000,0x00000000f4700000)
 ParOldGen       total 62464K, used 20168K [0x00000000c0000000, 0x00000000c3d00000, 0x00000000eab00000)
  object space 62464K, 32% used [0x00000000c0000000,0x00000000c13b2078,0x00000000c3d00000)
 Metaspace       used 44382K, capacity 45242K, committed 45312K, reserved 1087488K
  class space    used 6136K, capacity 6334K, committed 6400K, reserved 1048576K
Event: 22.853 GC heap after
Heap after GC invocations=14 (full 2):
 PSYoungGen      total 143872K, used 13286K [0x00000000eab00000, 0x00000000f4a80000, 0x0000000100000000)
  eden space 130560K, 0% used [0x00000000eab00000,0x00000000eab00000,0x00000000f2a80000)
  from space 13312K, 99% used [0x00000000f3a00000,0x00000000f46f9bf8,0x00000000f4700000)
  to   space 15872K, 0% used [0x00000000f2a80000,0x00000000f2a80000,0x00000000f3a00000)
 ParOldGen       total 62464K, used 23160K [0x00000000c0000000, 0x00000000c3d00000, 0x00000000eab00000)
  object space 62464K, 37% used [0x00000000c0000000,0x00000000c169e238,0x00000000c3d00000)
 Metaspace       used 44382K, capacity 45242K, committed 45312K, reserved 1087488K
  class space    used 6136K, capacity 6334K, committed 6400K, reserved 1048576K
}
Event: 34.491 GC heap before
{Heap before GC invocations=15 (full 2):
 PSYoungGen      total 143872K, used 143846K [0x00000000eab00000, 0x00000000f4a80000, 0x0000000100000000)
  eden space 130560K, 100% used [0x00000000eab00000,0x00000000f2a80000,0x00000000f2a80000)
  from space 13312K, 99% used [0x00000000f3a00000,0x00000000f46f9bf8,0x00000000f4700000)
  to   space 15872K, 0% used [0x00000000f2a80000,0x00000000f2a80000,0x00000000f3a00000)
 ParOldGen       total 62464K, used 23160K [0x00000000c0000000, 0x00000000c3d00000, 0x00000000eab00000)
  object space 62464K, 37% used [0x00000000c0000000,0x00000000c169e238,0x00000000c3d00000)
 Metaspace       used 49078K, capacity 50146K, committed 50304K, reserved 1093632K
  class space    used 6711K, capacity 7015K, committed 7040K, reserved 1048576K
Event: 34.557 GC heap after
Heap after GC invocations=15 (full 2):
 PSYoungGen      total 146432K, used 15862K [0x00000000eab00000, 0x00000000f7200000, 0x0000000100000000)
  eden space 130560K, 0% used [0x00000000eab00000,0x00000000eab00000,0x00000000f2a80000)
  from space 15872K, 99% used [0x00000000f2a80000,0x00000000f39fd828,0x00000000f3a00000)
  to   space 22528K, 0% used [0x00000000f5c00000,0x00000000f5c00000,0x00000000f7200000)
 ParOldGen       total 62464K, used 34904K [0x00000000c0000000, 0x00000000c3d00000, 0x00000000eab00000)
  object space 62464K, 55% used [0x00000000c0000000,0x00000000c2216178,0x00000000c3d00000)
 Metaspace       used 49078K, capacity 50146K, committed 50304K, reserved 1093632K
  class space    used 6711K, capacity 7015K, committed 7040K, reserved 1048576K
}
Event: 44.248 GC heap before
{Heap before GC invocations=16 (full 2):
 PSYoungGen      total 146432K, used 146422K [0x00000000eab00000, 0x00000000f7200000, 0x0000000100000000)
  eden space 130560K, 100% used [0x00000000eab00000,0x00000000f2a80000,0x00000000f2a80000)
  from space 15872K, 99% used [0x00000000f2a80000,0x00000000f39fd828,0x00000000f3a00000)
  to   space 22528K, 0% used [0x00000000f5c00000,0x00000000f5c00000,0x00000000f7200000)
 ParOldGen       total 62464K, used 34904K [0x00000000c0000000, 0x00000000c3d00000, 0x00000000eab00000)
  object space 62464K, 55% used [0x00000000c0000000,0x00000000c2216178,0x00000000c3d00000)
 Metaspace       used 54459K, capacity 55634K, committed 55936K, reserved 1097728K
  class space    used 7413K, capacity 7725K, committed 7808K, reserved 1048576K
Event: 44.296 GC heap after
Heap after GC invocations=16 (full 2):
 PSYoungGen      total 177664K, used 22393K [0x00000000eab00000, 0x00000000f7680000, 0x0000000100000000)
  eden space 155136K, 0% used [0x00000000eab00000,0x00000000eab00000,0x00000000f4280000)
  from space 22528K, 99% used [0x00000000f5c00000,0x00000000f71de600,0x00000000f7200000)
  to   space 26112K, 0% used [0x00000000f4280000,0x00000000f4280000,0x00000000f5c00000)
 ParOldGen       total 62464K, used 34912K [0x00000000c0000000, 0x00000000c3d00000, 0x00000000eab00000)
  object space 62464K, 55% used [0x00000000c0000000,0x00000000c2218178,0x00000000c3d00000)
 Metaspace       used 54459K, capacity 55634K, committed 55936K, reserved 1097728K
  class space    used 7413K, capacity 7725K, committed 7808K, reserved 1048576K
}

