# JRE version: Java(TM) SE Runtime Environment (8.0_92-b14) (build 1.8.0_92-b14)
# Java VM: Java HotSpot(TM) 64-Bit Server VM (25.92-b14 mixed mode windows-amd64 compressed oops)
Heap:
 PSYoungGen      total 71168K, used 46560K [0x00000000eab00000, 0x00000000f3900000, 0x0000000100000000)
  eden space 62464K, 72% used [0x00000000eab00000,0x00000000ed77f670,0x00000000ee800000)
  from space 8704K, 11% used [0x00000000ee800000,0x00000000ee8f8b88,0x00000000ef080000)
  to   space 22528K, 0% used [0x00000000f2300000,0x00000000f2300000,0x00000000f3900000)
 ParOldGen       total 81920K, used 42196K [0x00000000c0000000, 0x00000000c5000000, 0x00000000eab00000)
  object space 81920K, 51% used [0x00000000c0000000,0x00000000c29350a8,0x00000000c5000000)
 Metaspace       used 6661K, capacity 7320K, committed 7680K, reserved 1056768K
  class space    used 634K, capacity 656K, committed 768K, reserved 1048576K
GC Heap History (10 events):
Event: 3.544 GC heap before
{Heap before GC invocations=6 (full 0):
 PSYoungGen      total 34304K, used 34290K [0x00000000eab00000, 0x00000000ef800000, 0x0000000100000000)
  eden space 31744K, 100% used [0x00000000eab00000,0x00000000eca00000,0x00000000eca00000)
  from space 2560K, 99% used [0x00000000eca00000,0x00000000ecc7c948,0x00000000ecc80000)
  to   space 7680K, 0% used [0x00000000ef080000,0x00000000ef080000,0x00000000ef800000)
 ParOldGen       total 42496K, used 12615K [0x00000000c0000000, 0x00000000c2980000, 0x00000000eab00000)
  object space 42496K, 29% used [0x00000000c0000000,0x00000000c0c51c90,0x00000000c2980000)
 Metaspace       used 6357K, capacity 7158K, committed 7296K, reserved 1056768K
  class space    used 608K, capacity 622K, committed 640K, reserved 1048576K
Event: 3.571 GC heap after
Heap after GC invocations=6 (full 0):
 PSYoungGen      total 70144K, used 7582K [0x00000000eab00000, 0x00000000efa00000, 0x0000000100000000)
  eden space 62464K, 0% used [0x00000000eab00000,0x00000000eab00000,0x00000000ee800000)
  from space 7680K, 98% used [0x00000000ef080000,0x00000000ef7e78c0,0x00000000ef800000)
  to   space 8704K, 0% used [0x00000000ee800000,0x00000000ee800000,0x00000000ef080000)
 ParOldGen       total 42496K, used 12615K [0x00000000c0000000, 0x00000000c2980000, 0x00000000eab00000)
  object space 42496K, 29% used [0x00000000c0000000,0x00000000c0c51c90,0x00000000c2980000)
 Metaspace       used 6357K, capacity 7158K, committed 7296K, reserved 1056768K
  class space    used 608K, capacity 622K, committed 640K, reserved 1048576K
}
Event: 4.292 GC heap before
{Heap before GC invocations=7 (full 0):
 PSYoungGen      total 70144K, used 70046K [0x00000000eab00000, 0x00000000efa00000, 0x0000000100000000)
  eden space 62464K, 100% used [0x00000000eab00000,0x00000000ee800000,0x00000000ee800000)
  from space 7680K, 98% used [0x00000000ef080000,0x00000000ef7e78c0,0x00000000ef800000)
  to   space 8704K, 0% used [0x00000000ee800000,0x00000000ee800000,0x00000000ef080000)
 ParOldGen       total 42496K, used 12615K [0x00000000c0000000, 0x00000000c2980000, 0x00000000eab00000)
  object space 42496K, 29% used [0x00000000c0000000,0x00000000c0c51c90,0x00000000c2980000)
 Metaspace       used 6479K, capacity 7192K, committed 7424K, reserved 1056768K
  class space    used 628K, capacity 656K, committed 768K, reserved 1048576K
Event: 4.347 GC heap after
Heap after GC invocations=7 (full 0):
 PSYoungGen      total 71168K, used 8682K [0x00000000eab00000, 0x00000000f4000000, 0x0000000100000000)
  eden space 62464K, 0% used [0x00000000eab00000,0x00000000eab00000,0x00000000ee800000)
  from space 8704K, 99% used [0x00000000ee800000,0x00000000ef07abf0,0x00000000ef080000)
  to   space 13824K, 0% used [0x00000000f3280000,0x00000000f3280000,0x00000000f4000000)
 ParOldGen       total 42496K, used 20777K [0x00000000c0000000, 0x00000000c2980000, 0x00000000eab00000)
  object space 42496K, 48% used [0x00000000c0000000,0x00000000c144a6c8,0x00000000c2980000)
 Metaspace       used 6479K, capacity 7192K, committed 7424K, reserved 1056768K
  class space    used 628K, capacity 656K, committed 768K, reserved 1048576K
}
Event: 5.021 GC heap before
{Heap before GC invocations=8 (full 0):
 PSYoungGen      total 71168K, used 71146K [0x00000000eab00000, 0x00000000f4000000, 0x0000000100000000)
  eden space 62464K, 100% used [0x00000000eab00000,0x00000000ee800000,0x00000000ee800000)
  from space 8704K, 99% used [0x00000000ee800000,0x00000000ef07abf0,0x00000000ef080000)
  to   space 13824K, 0% used [0x00000000f3280000,0x00000000f3280000,0x00000000f4000000)
 ParOldGen       total 42496K, used 20777K [0x00000000c0000000, 0x00000000c2980000, 0x00000000eab00000)
  object space 42496K, 48% used [0x00000000c0000000,0x00000000c144a6c8,0x00000000c2980000)
 Metaspace       used 6538K, capacity 7256K, committed 7424K, reserved 1056768K
  class space    used 628K, capacity 656K, committed 768K, reserved 1048576K
Event: 5.080 GC heap after
Heap after GC invocations=8 (full 0):
 PSYoungGen      total 76288K, used 13792K [0x00000000eab00000, 0x00000000f4000000, 0x0000000100000000)
  eden space 62464K, 0% used [0x00000000eab00000,0x00000000eab00000,0x00000000ee800000)
  from space 13824K, 99% used [0x00000000f3280000,0x00000000f3ff8348,0x00000000f4000000)
  to   space 8704K, 0% used [0x00000000ee800000,0x00000000ee800000,0x00000000ef080000)
 ParOldGen       total 42496K, used 24207K [0x00000000c0000000, 0x00000000c2980000, 0x00000000eab00000)
  object space 42496K, 56% used [0x00000000c0000000,0x00000000c17a3cf8,0x00000000c2980000)
 Metaspace       used 6538K, capacity 7256K, committed 7424K, reserved 1056768K
  class space    used 628K, capacity 656K, committed 768K, reserved 1048576K
}
Event: 5.915 GC heap before
{Heap before GC invocations=9 (full 0):
 PSYoungGen      total 76288K, used 76256K [0x00000000eab00000, 0x00000000f4000000, 0x0000000100000000)
  eden space 62464K, 100% used [0x00000000eab00000,0x00000000ee800000,0x00000000ee800000)
  from space 13824K, 99% used [0x00000000f3280000,0x00000000f3ff8348,0x00000000f4000000)
  to   space 8704K, 0% used [0x00000000ee800000,0x00000000ee800000,0x00000000ef080000)
 ParOldGen       total 42496K, used 24207K [0x00000000c0000000, 0x00000000c2980000, 0x00000000eab00000)
  object space 42496K, 56% used [0x00000000c0000000,0x00000000c17a3cf8,0x00000000c2980000)
 Metaspace       used 6556K, capacity 7256K, committed 7424K, reserved 1056768K
  class space    used 628K, capacity 656K, committed 768K, reserved 1048576K
Event: 5.985 GC heap after
Heap after GC invocations=9 (full 0):
 PSYoungGen      total 71168K, used 8675K [0x00000000eab00000, 0x00000000f3900000, 0x0000000100000000)
  eden space 62464K, 0% used [0x00000000eab00000,0x00000000eab00000,0x00000000ee800000)
  from space 8704K, 99% used [0x00000000ee800000,0x00000000ef078fa8,0x00000000ef080000)
  to   space 22528K, 0% used [0x00000000f2300000,0x00000000f2300000,0x00000000f3900000)
 ParOldGen       total 42496K, used 38054K [0x00000000c0000000, 0x00000000c2980000, 0x00000000eab00000)
  object space 42496K, 89% used [0x00000000c0000000,0x00000000c2529870,0x00000000c2980000)
 Metaspace       used 6556K, capacity 7256K, committed 7424K, reserved 1056768K
  class space    used 628K, capacity 656K, committed 768K, reserved 1048576K
}
Event: 5.985 GC heap before
{Heap before GC invocations=10 (full 1):
 PSYoungGen      total 71168K, used 8675K [0x00000000eab00000, 0x00000000f3900000, 0x0000000100000000)
  eden space 62464K, 0% used [0x00000000eab00000,0x00000000eab00000,0x00000000ee800000)
  from space 8704K, 99% used [0x00000000ee800000,0x00000000ef078fa8,0x00000000ef080000)
  to   space 22528K, 0% used [0x00000000f2300000,0x00000000f2300000,0x00000000f3900000)
 ParOldGen       total 42496K, used 38054K [0x00000000c0000000, 0x00000000c2980000, 0x00000000eab00000)
  object space 42496K, 89% used [0x00000000c0000000,0x00000000c2529870,0x00000000c2980000)
 Metaspace       used 6556K, capacity 7256K, committed 7424K, reserved 1056768K
  class space    used 628K, capacity 656K, committed 768K, reserved 1048576K
Event: 7.934 GC heap after
Heap after GC invocations=10 (full 1):
 PSYoungGen      total 71168K, used 994K [0x00000000eab00000, 0x00000000f3900000, 0x0000000100000000)
  eden space 62464K, 0% used [0x00000000eab00000,0x00000000eab00000,0x00000000ee800000)
  from space 8704K, 11% used [0x00000000ee800000,0x00000000ee8f8b88,0x00000000ef080000)
  to   space 22528K, 0% used [0x00000000f2300000,0x00000000f2300000,0x00000000f3900000)
 ParOldGen       total 81920K, used 42196K [0x00000000c0000000, 0x00000000c5000000, 0x00000000eab00000)
  object space 81920K, 51% used [0x00000000c0000000,0x00000000c29350a8,0x00000000c5000000)
 Metaspace       used 6556K, capacity 7256K, committed 7424K, reserved 1056768K
  class space    used 628K, capacity 656K, committed 768K, reserved 1048576K
}

